c:\users\heyouxin\source\repos\datastructure\datastructure\debug\datastructure.pch
c:\users\heyouxin\source\repos\datastructure\datastructure\debug\vc141.pdb
c:\users\heyouxin\source\repos\datastructure\datastructure\debug\vc141.idb
c:\users\heyouxin\source\repos\datastructure\datastructure\debug\stdafx.obj
c:\users\heyouxin\source\repos\datastructure\datastructure\debug\sort.obj
c:\users\heyouxin\source\repos\datastructure\datastructure\debug\tree.obj
c:\users\heyouxin\source\repos\datastructure\datastructure\debug\list.obj
c:\users\heyouxin\source\repos\datastructure\datastructure\debug\usage of point.obj
c:\users\heyouxin\source\repos\datastructure\datastructure\debug\pointers.obj
c:\users\heyouxin\source\repos\datastructure\debug\datastructure.exe
c:\users\heyouxin\source\repos\datastructure\debug\datastructure.ilk
c:\users\heyouxin\source\repos\datastructure\debug\datastructure.pdb
c:\users\heyouxin\documents\c c++ codes\datastructure\datastructure\debug\list.obj
c:\users\heyouxin\documents\c c++ codes\datastructure\datastructure\debug\pointers.obj
c:\users\heyouxin\documents\c c++ codes\datastructure\datastructure\debug\sort.obj
c:\users\heyouxin\documents\c c++ codes\datastructure\datastructure\debug\stdafx.obj
c:\users\heyouxin\documents\c c++ codes\datastructure\datastructure\debug\tree.obj
c:\users\heyouxin\documents\c c++ codes\datastructure\datastructure\debug\usage of point.obj
c:\users\heyouxin\documents\c c++ codes\datastructure\datastructure\debug\datastructure.pch
c:\users\heyouxin\documents\c c++ codes\datastructure\datastructure\debug\vc141.idb
c:\users\heyouxin\documents\c c++ codes\datastructure\datastructure\debug\vc141.pdb
c:\users\heyouxin\documents\c c++ codes\datastructure\debug\datastructure.pdb
c:\users\heyouxin\documents\c c++ codes\datastructure\debug\datastructure.exe
c:\users\heyouxin\documents\c c++ codes\datastructure\debug\datastructure.ilk
c:\users\heyouxin\documents\c c++ codes\datastructure\datastructure\debug\datastructure.tlog\cl.command.1.tlog
c:\users\heyouxin\documents\c c++ codes\datastructure\datastructure\debug\datastructure.tlog\cl.read.1.tlog
c:\users\heyouxin\documents\c c++ codes\datastructure\datastructure\debug\datastructure.tlog\cl.write.1.tlog
c:\users\heyouxin\documents\c c++ codes\datastructure\datastructure\debug\datastructure.tlog\link.command.1.tlog
c:\users\heyouxin\documents\c c++ codes\datastructure\datastructure\debug\datastructure.tlog\link.read.1.tlog
c:\users\heyouxin\documents\c c++ codes\datastructure\datastructure\debug\datastructure.tlog\link.write.1.tlog
